[ 2025-05-02 14:31:54,664 ] 238 root - INFO - PCA shrinked data from (744, 26463) to (744, 8)
[ 2025-05-02 14:31:54,818 ] 246 root - INFO - RBD shrinked data from (744, 26463) to (744, 8)
[ 2025-05-02 14:31:54,828 ] 202 root - INFO - PCA transformed for ANONYMOUS_DATA_202210_60632.npy
[ 2025-05-02 14:31:54,828 ] 205 root - INFO - RBD transformed for ANONYMOUS_DATA_202210_60632.npy
[ 2025-05-02 14:31:54,828 ] 208 root - INFO - Aggregate by zipcode transformed for ANONYMOUS_DATA_202210_60632.npy
[ 2025-05-02 14:31:55,281 ] 238 root - INFO - PCA shrinked data from (744, 7354) to (744, 8)
[ 2025-05-02 14:31:55,320 ] 246 root - INFO - RBD shrinked data from (744, 7354) to (744, 8)
[ 2025-05-02 14:31:55,323 ] 202 root - INFO - PCA transformed for ANONYMOUS_DATA_202210_60154.npy
[ 2025-05-02 14:31:55,323 ] 205 root - INFO - RBD transformed for ANONYMOUS_DATA_202210_60154.npy
[ 2025-05-02 14:31:55,323 ] 208 root - INFO - Aggregate by zipcode transformed for ANONYMOUS_DATA_202210_60154.npy
[ 2025-05-02 14:31:55,859 ] 238 root - INFO - PCA shrinked data from (744, 8621) to (744, 8)
[ 2025-05-02 14:31:55,906 ] 246 root - INFO - RBD shrinked data from (744, 8621) to (744, 8)
[ 2025-05-02 14:31:55,910 ] 202 root - INFO - PCA transformed for ANONYMOUS_DATA_202210_60140.npy
[ 2025-05-02 14:31:55,910 ] 205 root - INFO - RBD transformed for ANONYMOUS_DATA_202210_60140.npy
[ 2025-05-02 14:31:55,910 ] 208 root - INFO - Aggregate by zipcode transformed for ANONYMOUS_DATA_202210_60140.npy
[ 2025-05-02 14:31:57,823 ] 238 root - INFO - PCA shrinked data from (744, 26124) to (744, 8)
[ 2025-05-02 14:31:57,979 ] 246 root - INFO - RBD shrinked data from (744, 26124) to (744, 8)
[ 2025-05-02 14:31:57,991 ] 202 root - INFO - PCA transformed for ANONYMOUS_DATA_202210_60626.npy
[ 2025-05-02 14:31:57,991 ] 205 root - INFO - RBD transformed for ANONYMOUS_DATA_202210_60626.npy
[ 2025-05-02 14:31:57,991 ] 208 root - INFO - Aggregate by zipcode transformed for ANONYMOUS_DATA_202210_60626.npy
[ 2025-05-02 14:31:58,020 ] 238 root - INFO - PCA shrinked data from (744, 425) to (744, 8)
[ 2025-05-02 14:31:58,021 ] 246 root - INFO - RBD shrinked data from (744, 425) to (744, 8)
[ 2025-05-02 14:31:58,021 ] 202 root - INFO - PCA transformed for ANONYMOUS_DATA_202210_60418.npy
[ 2025-05-02 14:31:58,021 ] 205 root - INFO - RBD transformed for ANONYMOUS_DATA_202210_60418.npy
[ 2025-05-02 14:31:58,021 ] 208 root - INFO - Aggregate by zipcode transformed for ANONYMOUS_DATA_202210_60418.npy
[ 2025-05-02 14:31:58,078 ] 238 root - INFO - PCA shrinked data from (744, 671) to (744, 8)
[ 2025-05-02 14:31:58,079 ] 246 root - INFO - RBD shrinked data from (744, 671) to (744, 8)
[ 2025-05-02 14:31:58,080 ] 202 root - INFO - PCA transformed for ANONYMOUS_DATA_202210_61060.npy
[ 2025-05-02 14:31:58,080 ] 205 root - INFO - RBD transformed for ANONYMOUS_DATA_202210_61060.npy
[ 2025-05-02 14:31:58,080 ] 208 root - INFO - Aggregate by zipcode transformed for ANONYMOUS_DATA_202210_61060.npy
[ 2025-05-02 14:31:58,213 ] 238 root - INFO - PCA shrinked data from (744, 1993) to (744, 8)
[ 2025-05-02 14:31:58,218 ] 246 root - INFO - RBD shrinked data from (744, 1993) to (744, 8)
[ 2025-05-02 14:31:58,220 ] 202 root - INFO - PCA transformed for ANONYMOUS_DATA_202210_61048.npy
[ 2025-05-02 14:31:58,221 ] 205 root - INFO - RBD transformed for ANONYMOUS_DATA_202210_61048.npy
[ 2025-05-02 14:31:58,221 ] 208 root - INFO - Aggregate by zipcode transformed for ANONYMOUS_DATA_202210_61048.npy
[ 2025-05-02 14:31:58,809 ] 238 root - INFO - PCA shrinked data from (744, 9061) to (744, 8)
[ 2025-05-02 14:31:58,858 ] 246 root - INFO - RBD shrinked data from (744, 9061) to (744, 8)
[ 2025-05-02 14:31:58,864 ] 202 root - INFO - PCA transformed for ANONYMOUS_DATA_202210_60430.npy
[ 2025-05-02 14:31:58,864 ] 205 root - INFO - RBD transformed for ANONYMOUS_DATA_202210_60430.npy
[ 2025-05-02 14:31:58,864 ] 208 root - INFO - Aggregate by zipcode transformed for ANONYMOUS_DATA_202210_60430.npy
[ 2025-05-02 14:31:58,960 ] 238 root - INFO - PCA shrinked data from (744, 1087) to (744, 8)
[ 2025-05-02 14:31:58,962 ] 246 root - INFO - RBD shrinked data from (744, 1087) to (744, 8)
[ 2025-05-02 14:31:58,963 ] 202 root - INFO - PCA transformed for ANONYMOUS_DATA_202210_60424.npy
[ 2025-05-02 14:31:58,963 ] 205 root - INFO - RBD transformed for ANONYMOUS_DATA_202210_60424.npy
[ 2025-05-02 14:31:58,963 ] 208 root - INFO - Aggregate by zipcode transformed for ANONYMOUS_DATA_202210_60424.npy
[ 2025-05-02 14:31:59,406 ] 238 root - INFO - PCA shrinked data from (744, 6889) to (744, 8)
[ 2025-05-02 14:31:59,442 ] 246 root - INFO - RBD shrinked data from (744, 6889) to (744, 8)
[ 2025-05-02 14:31:59,446 ] 202 root - INFO - PCA transformed for ANONYMOUS_DATA_202210_61114.npy
[ 2025-05-02 14:31:59,446 ] 205 root - INFO - RBD transformed for ANONYMOUS_DATA_202210_61114.npy
[ 2025-05-02 14:31:59,446 ] 208 root - INFO - Aggregate by zipcode transformed for ANONYMOUS_DATA_202210_61114.npy
[ 2025-05-02 14:31:59,447 ] 141 root - INFO - All zipcode data shrinked.
[ 2025-05-02 14:31:59,451 ] 148 root - INFO - Formed RMA by PCA reduced from (744, 80) to (744, 8)
[ 2025-05-02 14:31:59,452 ] 155 root - INFO - Formed RMA by RBD reduced from (744, 80) to (744, 8)
[ 2025-05-02 14:31:59,452 ] 163 root - INFO - Formed CBA by PCA reduced from (744, 10) to (744, 8)
[ 2025-05-02 14:31:59,452 ] 169 root - INFO - Formed AMA reduced from (744, 10) to (744, 1)
[ 2025-05-02 14:31:59,461 ] 72 root - INFO - Input data for ML created.
[ 2025-05-02 14:31:59,461 ] 78 root - INFO - Input data concatenated with the output for ML.
[ 2025-05-02 14:31:59,461 ] 97 root - INFO - Data split into training and testing sets.
[ 2025-05-02 14:31:59,461 ] 163 root - INFO - Categorical columns: []
[ 2025-05-02 14:31:59,461 ] 164 root - INFO - Numerical columns: [0 1 2]
[ 2025-05-02 14:31:59,463 ] 47 root - INFO - Preprocessing pipeline done for ama
[ 2025-05-02 14:31:59,463 ] 163 root - INFO - Categorical columns: []
[ 2025-05-02 14:31:59,463 ] 164 root - INFO - Numerical columns: [ 0  1  2  3  4  5  6  7  8  9 10 11 12 13 14 15 16 17 18 19 20 21 22 23]
[ 2025-05-02 14:31:59,465 ] 57 root - INFO - Preprocessing pipeline done for cba
[ 2025-05-02 14:31:59,465 ] 163 root - INFO - Categorical columns: []
[ 2025-05-02 14:31:59,465 ] 164 root - INFO - Numerical columns: [ 0  1  2  3  4  5  6  7  8  9 10 11 12 13 14 15 16 17 18 19 20 21 22 23]
[ 2025-05-02 14:31:59,467 ] 67 root - INFO - Preprocessing pipeline done for rma_pca
[ 2025-05-02 14:31:59,467 ] 163 root - INFO - Categorical columns: []
[ 2025-05-02 14:31:59,467 ] 164 root - INFO - Numerical columns: [ 0  1  2  3  4  5  6  7  8  9 10 11 12 13 14 15 16 17 18 19 20 21 22 23]
[ 2025-05-02 14:31:59,469 ] 77 root - INFO - Preprocessing pipeline done for rma_rbd
[ 2025-05-02 14:31:59,471 ] 96 root - INFO - Saved preprocessing object.
[ 2025-05-02 14:31:59,471 ] 32 root - INFO - Split training and test input data
[ 2025-05-02 14:31:59,476 ] 116 root - INFO - Best found model on both training and testing dataset
