[ 2025-05-02 14:31:18,875 ] 238 root - INFO - PCA shrinked data from (744, 26463) to (744, 8)
[ 2025-05-02 14:31:19,039 ] 246 root - INFO - RBD shrinked data from (744, 26463) to (744, 8)
[ 2025-05-02 14:31:19,049 ] 202 root - INFO - PCA transformed for ANONYMOUS_DATA_202210_60632.npy
[ 2025-05-02 14:31:19,049 ] 205 root - INFO - RBD transformed for ANONYMOUS_DATA_202210_60632.npy
[ 2025-05-02 14:31:19,049 ] 208 root - INFO - Aggregate by zipcode transformed for ANONYMOUS_DATA_202210_60632.npy
[ 2025-05-02 14:31:19,509 ] 238 root - INFO - PCA shrinked data from (744, 7354) to (744, 8)
[ 2025-05-02 14:31:19,548 ] 246 root - INFO - RBD shrinked data from (744, 7354) to (744, 8)
[ 2025-05-02 14:31:19,551 ] 202 root - INFO - PCA transformed for ANONYMOUS_DATA_202210_60154.npy
[ 2025-05-02 14:31:19,551 ] 205 root - INFO - RBD transformed for ANONYMOUS_DATA_202210_60154.npy
[ 2025-05-02 14:31:19,551 ] 208 root - INFO - Aggregate by zipcode transformed for ANONYMOUS_DATA_202210_60154.npy
[ 2025-05-02 14:31:20,108 ] 238 root - INFO - PCA shrinked data from (744, 8621) to (744, 8)
[ 2025-05-02 14:31:20,157 ] 246 root - INFO - RBD shrinked data from (744, 8621) to (744, 8)
[ 2025-05-02 14:31:20,162 ] 202 root - INFO - PCA transformed for ANONYMOUS_DATA_202210_60140.npy
[ 2025-05-02 14:31:20,162 ] 205 root - INFO - RBD transformed for ANONYMOUS_DATA_202210_60140.npy
[ 2025-05-02 14:31:20,162 ] 208 root - INFO - Aggregate by zipcode transformed for ANONYMOUS_DATA_202210_60140.npy
[ 2025-05-02 14:31:22,132 ] 238 root - INFO - PCA shrinked data from (744, 26124) to (744, 8)
[ 2025-05-02 14:31:22,292 ] 246 root - INFO - RBD shrinked data from (744, 26124) to (744, 8)
[ 2025-05-02 14:31:22,304 ] 202 root - INFO - PCA transformed for ANONYMOUS_DATA_202210_60626.npy
[ 2025-05-02 14:31:22,304 ] 205 root - INFO - RBD transformed for ANONYMOUS_DATA_202210_60626.npy
[ 2025-05-02 14:31:22,304 ] 208 root - INFO - Aggregate by zipcode transformed for ANONYMOUS_DATA_202210_60626.npy
[ 2025-05-02 14:31:22,334 ] 238 root - INFO - PCA shrinked data from (744, 425) to (744, 8)
[ 2025-05-02 14:31:22,337 ] 246 root - INFO - RBD shrinked data from (744, 425) to (744, 8)
[ 2025-05-02 14:31:22,337 ] 202 root - INFO - PCA transformed for ANONYMOUS_DATA_202210_60418.npy
[ 2025-05-02 14:31:22,337 ] 205 root - INFO - RBD transformed for ANONYMOUS_DATA_202210_60418.npy
[ 2025-05-02 14:31:22,337 ] 208 root - INFO - Aggregate by zipcode transformed for ANONYMOUS_DATA_202210_60418.npy
[ 2025-05-02 14:31:22,394 ] 238 root - INFO - PCA shrinked data from (744, 671) to (744, 8)
[ 2025-05-02 14:31:22,396 ] 246 root - INFO - RBD shrinked data from (744, 671) to (744, 8)
[ 2025-05-02 14:31:22,396 ] 202 root - INFO - PCA transformed for ANONYMOUS_DATA_202210_61060.npy
[ 2025-05-02 14:31:22,396 ] 205 root - INFO - RBD transformed for ANONYMOUS_DATA_202210_61060.npy
[ 2025-05-02 14:31:22,396 ] 208 root - INFO - Aggregate by zipcode transformed for ANONYMOUS_DATA_202210_61060.npy
[ 2025-05-02 14:31:22,530 ] 238 root - INFO - PCA shrinked data from (744, 1993) to (744, 8)
[ 2025-05-02 14:31:22,534 ] 246 root - INFO - RBD shrinked data from (744, 1993) to (744, 8)
[ 2025-05-02 14:31:22,537 ] 202 root - INFO - PCA transformed for ANONYMOUS_DATA_202210_61048.npy
[ 2025-05-02 14:31:22,537 ] 205 root - INFO - RBD transformed for ANONYMOUS_DATA_202210_61048.npy
[ 2025-05-02 14:31:22,537 ] 208 root - INFO - Aggregate by zipcode transformed for ANONYMOUS_DATA_202210_61048.npy
[ 2025-05-02 14:31:23,130 ] 238 root - INFO - PCA shrinked data from (744, 9061) to (744, 8)
[ 2025-05-02 14:31:23,179 ] 246 root - INFO - RBD shrinked data from (744, 9061) to (744, 8)
[ 2025-05-02 14:31:23,186 ] 202 root - INFO - PCA transformed for ANONYMOUS_DATA_202210_60430.npy
[ 2025-05-02 14:31:23,186 ] 205 root - INFO - RBD transformed for ANONYMOUS_DATA_202210_60430.npy
[ 2025-05-02 14:31:23,186 ] 208 root - INFO - Aggregate by zipcode transformed for ANONYMOUS_DATA_202210_60430.npy
[ 2025-05-02 14:31:23,281 ] 238 root - INFO - PCA shrinked data from (744, 1087) to (744, 8)
[ 2025-05-02 14:31:23,284 ] 246 root - INFO - RBD shrinked data from (744, 1087) to (744, 8)
[ 2025-05-02 14:31:23,284 ] 202 root - INFO - PCA transformed for ANONYMOUS_DATA_202210_60424.npy
[ 2025-05-02 14:31:23,284 ] 205 root - INFO - RBD transformed for ANONYMOUS_DATA_202210_60424.npy
[ 2025-05-02 14:31:23,284 ] 208 root - INFO - Aggregate by zipcode transformed for ANONYMOUS_DATA_202210_60424.npy
[ 2025-05-02 14:31:23,701 ] 238 root - INFO - PCA shrinked data from (744, 6889) to (744, 8)
[ 2025-05-02 14:31:23,736 ] 246 root - INFO - RBD shrinked data from (744, 6889) to (744, 8)
[ 2025-05-02 14:31:23,739 ] 202 root - INFO - PCA transformed for ANONYMOUS_DATA_202210_61114.npy
[ 2025-05-02 14:31:23,739 ] 205 root - INFO - RBD transformed for ANONYMOUS_DATA_202210_61114.npy
[ 2025-05-02 14:31:23,739 ] 208 root - INFO - Aggregate by zipcode transformed for ANONYMOUS_DATA_202210_61114.npy
[ 2025-05-02 14:31:23,741 ] 141 root - INFO - All zipcode data shrinked.
[ 2025-05-02 14:31:23,744 ] 148 root - INFO - Formed RMA by PCA reduced from (744, 80) to (744, 8)
[ 2025-05-02 14:31:23,745 ] 155 root - INFO - Formed RMA by RBD reduced from (744, 80) to (744, 8)
[ 2025-05-02 14:31:23,745 ] 163 root - INFO - Formed CBA by PCA reduced from (744, 10) to (744, 8)
[ 2025-05-02 14:31:23,745 ] 169 root - INFO - Formed AMA reduced from (744, 10) to (744, 1)
[ 2025-05-02 14:31:23,754 ] 72 root - INFO - Input data for ML created.
[ 2025-05-02 14:31:23,754 ] 78 root - INFO - Input data concatenated with the output for ML.
[ 2025-05-02 14:31:23,754 ] 97 root - INFO - Data split into training and testing sets.
[ 2025-05-02 14:31:23,754 ] 163 root - INFO - Categorical columns: []
[ 2025-05-02 14:31:23,754 ] 164 root - INFO - Numerical columns: [0 1 2]
[ 2025-05-02 14:31:23,756 ] 47 root - INFO - Preprocessing pipeline done for ama
[ 2025-05-02 14:31:23,756 ] 163 root - INFO - Categorical columns: []
[ 2025-05-02 14:31:23,756 ] 164 root - INFO - Numerical columns: [ 0  1  2  3  4  5  6  7  8  9 10 11 12 13 14 15 16 17 18 19 20 21 22 23]
[ 2025-05-02 14:31:23,758 ] 57 root - INFO - Preprocessing pipeline done for cba
[ 2025-05-02 14:31:23,758 ] 163 root - INFO - Categorical columns: []
[ 2025-05-02 14:31:23,758 ] 164 root - INFO - Numerical columns: [ 0  1  2  3  4  5  6  7  8  9 10 11 12 13 14 15 16 17 18 19 20 21 22 23]
[ 2025-05-02 14:31:23,760 ] 67 root - INFO - Preprocessing pipeline done for rma_pca
[ 2025-05-02 14:31:23,760 ] 163 root - INFO - Categorical columns: []
[ 2025-05-02 14:31:23,760 ] 164 root - INFO - Numerical columns: [ 0  1  2  3  4  5  6  7  8  9 10 11 12 13 14 15 16 17 18 19 20 21 22 23]
[ 2025-05-02 14:31:23,762 ] 77 root - INFO - Preprocessing pipeline done for rma_rbd
[ 2025-05-02 14:31:23,763 ] 96 root - INFO - Saved preprocessing object.
[ 2025-05-02 14:31:23,763 ] 32 root - INFO - Split training and test input data
[ 2025-05-02 14:31:23,767 ] 116 root - INFO - Best found model on both training and testing dataset
