[ 2025-05-02 14:30:52,857 ] 238 root - INFO - PCA shrinked data from (744, 26463) to (744, 8)
[ 2025-05-02 14:30:53,012 ] 246 root - INFO - RBD shrinked data from (744, 26463) to (744, 8)
[ 2025-05-02 14:30:53,024 ] 202 root - INFO - PCA transformed for ANONYMOUS_DATA_202210_60632.npy
[ 2025-05-02 14:30:53,024 ] 205 root - INFO - RBD transformed for ANONYMOUS_DATA_202210_60632.npy
[ 2025-05-02 14:30:53,024 ] 208 root - INFO - Aggregate by zipcode transformed for ANONYMOUS_DATA_202210_60632.npy
[ 2025-05-02 14:30:53,492 ] 238 root - INFO - PCA shrinked data from (744, 7354) to (744, 8)
[ 2025-05-02 14:30:53,531 ] 246 root - INFO - RBD shrinked data from (744, 7354) to (744, 8)
[ 2025-05-02 14:30:53,534 ] 202 root - INFO - PCA transformed for ANONYMOUS_DATA_202210_60154.npy
[ 2025-05-02 14:30:53,534 ] 205 root - INFO - RBD transformed for ANONYMOUS_DATA_202210_60154.npy
[ 2025-05-02 14:30:53,534 ] 208 root - INFO - Aggregate by zipcode transformed for ANONYMOUS_DATA_202210_60154.npy
[ 2025-05-02 14:30:54,080 ] 238 root - INFO - PCA shrinked data from (744, 8621) to (744, 8)
[ 2025-05-02 14:30:54,128 ] 246 root - INFO - RBD shrinked data from (744, 8621) to (744, 8)
[ 2025-05-02 14:30:54,132 ] 202 root - INFO - PCA transformed for ANONYMOUS_DATA_202210_60140.npy
[ 2025-05-02 14:30:54,132 ] 205 root - INFO - RBD transformed for ANONYMOUS_DATA_202210_60140.npy
[ 2025-05-02 14:30:54,132 ] 208 root - INFO - Aggregate by zipcode transformed for ANONYMOUS_DATA_202210_60140.npy
[ 2025-05-02 14:30:56,130 ] 238 root - INFO - PCA shrinked data from (744, 26124) to (744, 8)
[ 2025-05-02 14:30:56,292 ] 246 root - INFO - RBD shrinked data from (744, 26124) to (744, 8)
[ 2025-05-02 14:30:56,304 ] 202 root - INFO - PCA transformed for ANONYMOUS_DATA_202210_60626.npy
[ 2025-05-02 14:30:56,304 ] 205 root - INFO - RBD transformed for ANONYMOUS_DATA_202210_60626.npy
[ 2025-05-02 14:30:56,304 ] 208 root - INFO - Aggregate by zipcode transformed for ANONYMOUS_DATA_202210_60626.npy
[ 2025-05-02 14:30:56,335 ] 238 root - INFO - PCA shrinked data from (744, 425) to (744, 8)
[ 2025-05-02 14:30:56,337 ] 246 root - INFO - RBD shrinked data from (744, 425) to (744, 8)
[ 2025-05-02 14:30:56,337 ] 202 root - INFO - PCA transformed for ANONYMOUS_DATA_202210_60418.npy
[ 2025-05-02 14:30:56,337 ] 205 root - INFO - RBD transformed for ANONYMOUS_DATA_202210_60418.npy
[ 2025-05-02 14:30:56,337 ] 208 root - INFO - Aggregate by zipcode transformed for ANONYMOUS_DATA_202210_60418.npy
[ 2025-05-02 14:30:56,397 ] 238 root - INFO - PCA shrinked data from (744, 671) to (744, 8)
[ 2025-05-02 14:30:56,398 ] 246 root - INFO - RBD shrinked data from (744, 671) to (744, 8)
[ 2025-05-02 14:30:56,399 ] 202 root - INFO - PCA transformed for ANONYMOUS_DATA_202210_61060.npy
[ 2025-05-02 14:30:56,399 ] 205 root - INFO - RBD transformed for ANONYMOUS_DATA_202210_61060.npy
[ 2025-05-02 14:30:56,399 ] 208 root - INFO - Aggregate by zipcode transformed for ANONYMOUS_DATA_202210_61060.npy
[ 2025-05-02 14:30:56,537 ] 238 root - INFO - PCA shrinked data from (744, 1993) to (744, 8)
[ 2025-05-02 14:30:56,542 ] 246 root - INFO - RBD shrinked data from (744, 1993) to (744, 8)
[ 2025-05-02 14:30:56,545 ] 202 root - INFO - PCA transformed for ANONYMOUS_DATA_202210_61048.npy
[ 2025-05-02 14:30:56,545 ] 205 root - INFO - RBD transformed for ANONYMOUS_DATA_202210_61048.npy
[ 2025-05-02 14:30:56,545 ] 208 root - INFO - Aggregate by zipcode transformed for ANONYMOUS_DATA_202210_61048.npy
[ 2025-05-02 14:30:57,151 ] 238 root - INFO - PCA shrinked data from (744, 9061) to (744, 8)
[ 2025-05-02 14:30:57,199 ] 246 root - INFO - RBD shrinked data from (744, 9061) to (744, 8)
[ 2025-05-02 14:30:57,205 ] 202 root - INFO - PCA transformed for ANONYMOUS_DATA_202210_60430.npy
[ 2025-05-02 14:30:57,205 ] 205 root - INFO - RBD transformed for ANONYMOUS_DATA_202210_60430.npy
[ 2025-05-02 14:30:57,205 ] 208 root - INFO - Aggregate by zipcode transformed for ANONYMOUS_DATA_202210_60430.npy
[ 2025-05-02 14:30:57,303 ] 238 root - INFO - PCA shrinked data from (744, 1087) to (744, 8)
[ 2025-05-02 14:30:57,305 ] 246 root - INFO - RBD shrinked data from (744, 1087) to (744, 8)
[ 2025-05-02 14:30:57,306 ] 202 root - INFO - PCA transformed for ANONYMOUS_DATA_202210_60424.npy
[ 2025-05-02 14:30:57,306 ] 205 root - INFO - RBD transformed for ANONYMOUS_DATA_202210_60424.npy
[ 2025-05-02 14:30:57,306 ] 208 root - INFO - Aggregate by zipcode transformed for ANONYMOUS_DATA_202210_60424.npy
[ 2025-05-02 14:30:57,738 ] 238 root - INFO - PCA shrinked data from (744, 6889) to (744, 8)
[ 2025-05-02 14:30:57,773 ] 246 root - INFO - RBD shrinked data from (744, 6889) to (744, 8)
[ 2025-05-02 14:30:57,776 ] 202 root - INFO - PCA transformed for ANONYMOUS_DATA_202210_61114.npy
[ 2025-05-02 14:30:57,776 ] 205 root - INFO - RBD transformed for ANONYMOUS_DATA_202210_61114.npy
[ 2025-05-02 14:30:57,776 ] 208 root - INFO - Aggregate by zipcode transformed for ANONYMOUS_DATA_202210_61114.npy
[ 2025-05-02 14:30:57,778 ] 141 root - INFO - All zipcode data shrinked.
[ 2025-05-02 14:30:57,781 ] 148 root - INFO - Formed RMA by PCA reduced from (744, 80) to (744, 8)
[ 2025-05-02 14:30:57,782 ] 155 root - INFO - Formed RMA by RBD reduced from (744, 80) to (744, 8)
[ 2025-05-02 14:30:57,782 ] 163 root - INFO - Formed CBA by PCA reduced from (744, 10) to (744, 8)
[ 2025-05-02 14:30:57,782 ] 169 root - INFO - Formed AMA reduced from (744, 10) to (744, 1)
[ 2025-05-02 14:30:57,791 ] 72 root - INFO - Input data for ML created.
[ 2025-05-02 14:30:57,792 ] 78 root - INFO - Input data concatenated with the output for ML.
[ 2025-05-02 14:30:57,792 ] 97 root - INFO - Data split into training and testing sets.
[ 2025-05-02 14:30:57,792 ] 163 root - INFO - Categorical columns: []
[ 2025-05-02 14:30:57,792 ] 164 root - INFO - Numerical columns: [ 0  1  2  3  4  5  6  7  8  9 10 11 12 13 14 15 16 17 18 19 20 21 22 23
 24 25 26 27 28 29]
[ 2025-05-02 14:30:57,794 ] 47 root - INFO - Preprocessing pipeline done for ama
[ 2025-05-02 14:30:57,794 ] 163 root - INFO - Categorical columns: []
[ 2025-05-02 14:30:57,795 ] 164 root - INFO - Numerical columns: [  0   1   2   3   4   5   6   7   8   9  10  11  12  13  14  15  16  17
  18  19  20  21  22  23  24  25  26  27  28  29  30  31  32  33  34  35
  36  37  38  39  40  41  42  43  44  45  46  47  48  49  50  51  52  53
  54  55  56  57  58  59  60  61  62  63  64  65  66  67  68  69  70  71
  72  73  74  75  76  77  78  79  80  81  82  83  84  85  86  87  88  89
  90  91  92  93  94  95  96  97  98  99 100 101 102 103 104 105 106 107
 108 109 110 111 112 113 114 115 116 117 118 119 120 121 122 123 124 125
 126 127 128 129 130 131 132 133 134 135 136 137 138 139 140 141 142 143
 144 145 146 147 148 149 150 151 152 153 154 155 156 157 158 159 160 161
 162 163 164 165 166 167 168 169 170 171 172 173 174 175 176 177 178 179
 180 181 182 183 184 185 186 187 188 189 190 191 192 193 194 195 196 197
 198 199 200 201 202 203 204 205 206 207 208 209 210 211 212 213 214 215
 216 217 218 219 220 221 222 223 224 225 226 227 228 229 230 231 232 233
 234 235 236 237 238 239]
[ 2025-05-02 14:30:57,803 ] 57 root - INFO - Preprocessing pipeline done for cba
[ 2025-05-02 14:30:57,803 ] 163 root - INFO - Categorical columns: []
[ 2025-05-02 14:30:57,803 ] 164 root - INFO - Numerical columns: [  0   1   2   3   4   5   6   7   8   9  10  11  12  13  14  15  16  17
  18  19  20  21  22  23  24  25  26  27  28  29  30  31  32  33  34  35
  36  37  38  39  40  41  42  43  44  45  46  47  48  49  50  51  52  53
  54  55  56  57  58  59  60  61  62  63  64  65  66  67  68  69  70  71
  72  73  74  75  76  77  78  79  80  81  82  83  84  85  86  87  88  89
  90  91  92  93  94  95  96  97  98  99 100 101 102 103 104 105 106 107
 108 109 110 111 112 113 114 115 116 117 118 119 120 121 122 123 124 125
 126 127 128 129 130 131 132 133 134 135 136 137 138 139 140 141 142 143
 144 145 146 147 148 149 150 151 152 153 154 155 156 157 158 159 160 161
 162 163 164 165 166 167 168 169 170 171 172 173 174 175 176 177 178 179
 180 181 182 183 184 185 186 187 188 189 190 191 192 193 194 195 196 197
 198 199 200 201 202 203 204 205 206 207 208 209 210 211 212 213 214 215
 216 217 218 219 220 221 222 223 224 225 226 227 228 229 230 231 232 233
 234 235 236 237 238 239]
[ 2025-05-02 14:30:57,811 ] 67 root - INFO - Preprocessing pipeline done for rma_pca
[ 2025-05-02 14:30:57,811 ] 163 root - INFO - Categorical columns: []
[ 2025-05-02 14:30:57,811 ] 164 root - INFO - Numerical columns: [  0   1   2   3   4   5   6   7   8   9  10  11  12  13  14  15  16  17
  18  19  20  21  22  23  24  25  26  27  28  29  30  31  32  33  34  35
  36  37  38  39  40  41  42  43  44  45  46  47  48  49  50  51  52  53
  54  55  56  57  58  59  60  61  62  63  64  65  66  67  68  69  70  71
  72  73  74  75  76  77  78  79  80  81  82  83  84  85  86  87  88  89
  90  91  92  93  94  95  96  97  98  99 100 101 102 103 104 105 106 107
 108 109 110 111 112 113 114 115 116 117 118 119 120 121 122 123 124 125
 126 127 128 129 130 131 132 133 134 135 136 137 138 139 140 141 142 143
 144 145 146 147 148 149 150 151 152 153 154 155 156 157 158 159 160 161
 162 163 164 165 166 167 168 169 170 171 172 173 174 175 176 177 178 179
 180 181 182 183 184 185 186 187 188 189 190 191 192 193 194 195 196 197
 198 199 200 201 202 203 204 205 206 207 208 209 210 211 212 213 214 215
 216 217 218 219 220 221 222 223 224 225 226 227 228 229 230 231 232 233
 234 235 236 237 238 239]
[ 2025-05-02 14:30:57,820 ] 77 root - INFO - Preprocessing pipeline done for rma_rbd
[ 2025-05-02 14:30:57,822 ] 96 root - INFO - Saved preprocessing object.
[ 2025-05-02 14:30:57,822 ] 32 root - INFO - Split training and test input data
[ 2025-05-02 14:30:57,866 ] 116 root - INFO - Best found model on both training and testing dataset
