[ 2025-05-02 14:02:38,586 ] 238 root - INFO - PCA shrinked data from (744, 26463) to (744, 8)
[ 2025-05-02 14:02:38,756 ] 246 root - INFO - RBD shrinked data from (744, 26463) to (744, 8)
[ 2025-05-02 14:02:38,768 ] 202 root - INFO - PCA transformed for ANONYMOUS_DATA_202210_60632.npy
[ 2025-05-02 14:02:38,768 ] 205 root - INFO - RBD transformed for ANONYMOUS_DATA_202210_60632.npy
[ 2025-05-02 14:02:38,768 ] 208 root - INFO - Aggregate by zipcode transformed for ANONYMOUS_DATA_202210_60632.npy
[ 2025-05-02 14:02:39,258 ] 238 root - INFO - PCA shrinked data from (744, 7354) to (744, 8)
[ 2025-05-02 14:02:39,302 ] 246 root - INFO - RBD shrinked data from (744, 7354) to (744, 8)
[ 2025-05-02 14:02:39,305 ] 202 root - INFO - PCA transformed for ANONYMOUS_DATA_202210_60154.npy
[ 2025-05-02 14:02:39,305 ] 205 root - INFO - RBD transformed for ANONYMOUS_DATA_202210_60154.npy
[ 2025-05-02 14:02:39,305 ] 208 root - INFO - Aggregate by zipcode transformed for ANONYMOUS_DATA_202210_60154.npy
[ 2025-05-02 14:02:39,872 ] 238 root - INFO - PCA shrinked data from (744, 8621) to (744, 8)
[ 2025-05-02 14:02:39,922 ] 246 root - INFO - RBD shrinked data from (744, 8621) to (744, 8)
[ 2025-05-02 14:02:39,926 ] 202 root - INFO - PCA transformed for ANONYMOUS_DATA_202210_60140.npy
[ 2025-05-02 14:02:39,926 ] 205 root - INFO - RBD transformed for ANONYMOUS_DATA_202210_60140.npy
[ 2025-05-02 14:02:39,926 ] 208 root - INFO - Aggregate by zipcode transformed for ANONYMOUS_DATA_202210_60140.npy
[ 2025-05-02 14:02:41,950 ] 238 root - INFO - PCA shrinked data from (744, 26124) to (744, 8)
[ 2025-05-02 14:02:42,105 ] 246 root - INFO - RBD shrinked data from (744, 26124) to (744, 8)
[ 2025-05-02 14:02:42,120 ] 202 root - INFO - PCA transformed for ANONYMOUS_DATA_202210_60626.npy
[ 2025-05-02 14:02:42,120 ] 205 root - INFO - RBD transformed for ANONYMOUS_DATA_202210_60626.npy
[ 2025-05-02 14:02:42,120 ] 208 root - INFO - Aggregate by zipcode transformed for ANONYMOUS_DATA_202210_60626.npy
[ 2025-05-02 14:02:42,152 ] 238 root - INFO - PCA shrinked data from (744, 425) to (744, 8)
[ 2025-05-02 14:02:42,153 ] 246 root - INFO - RBD shrinked data from (744, 425) to (744, 8)
[ 2025-05-02 14:02:42,154 ] 202 root - INFO - PCA transformed for ANONYMOUS_DATA_202210_60418.npy
[ 2025-05-02 14:02:42,154 ] 205 root - INFO - RBD transformed for ANONYMOUS_DATA_202210_60418.npy
[ 2025-05-02 14:02:42,154 ] 208 root - INFO - Aggregate by zipcode transformed for ANONYMOUS_DATA_202210_60418.npy
[ 2025-05-02 14:02:42,212 ] 238 root - INFO - PCA shrinked data from (744, 671) to (744, 8)
[ 2025-05-02 14:02:42,213 ] 246 root - INFO - RBD shrinked data from (744, 671) to (744, 8)
[ 2025-05-02 14:02:42,214 ] 202 root - INFO - PCA transformed for ANONYMOUS_DATA_202210_61060.npy
[ 2025-05-02 14:02:42,214 ] 205 root - INFO - RBD transformed for ANONYMOUS_DATA_202210_61060.npy
[ 2025-05-02 14:02:42,214 ] 208 root - INFO - Aggregate by zipcode transformed for ANONYMOUS_DATA_202210_61060.npy
[ 2025-05-02 14:02:42,351 ] 238 root - INFO - PCA shrinked data from (744, 1993) to (744, 8)
[ 2025-05-02 14:02:42,355 ] 246 root - INFO - RBD shrinked data from (744, 1993) to (744, 8)
[ 2025-05-02 14:02:42,358 ] 202 root - INFO - PCA transformed for ANONYMOUS_DATA_202210_61048.npy
[ 2025-05-02 14:02:42,358 ] 205 root - INFO - RBD transformed for ANONYMOUS_DATA_202210_61048.npy
[ 2025-05-02 14:02:42,358 ] 208 root - INFO - Aggregate by zipcode transformed for ANONYMOUS_DATA_202210_61048.npy
[ 2025-05-02 14:02:42,971 ] 238 root - INFO - PCA shrinked data from (744, 9061) to (744, 8)
[ 2025-05-02 14:02:43,019 ] 246 root - INFO - RBD shrinked data from (744, 9061) to (744, 8)
[ 2025-05-02 14:02:43,026 ] 202 root - INFO - PCA transformed for ANONYMOUS_DATA_202210_60430.npy
[ 2025-05-02 14:02:43,026 ] 205 root - INFO - RBD transformed for ANONYMOUS_DATA_202210_60430.npy
[ 2025-05-02 14:02:43,026 ] 208 root - INFO - Aggregate by zipcode transformed for ANONYMOUS_DATA_202210_60430.npy
[ 2025-05-02 14:02:43,123 ] 238 root - INFO - PCA shrinked data from (744, 1087) to (744, 8)
[ 2025-05-02 14:02:43,126 ] 246 root - INFO - RBD shrinked data from (744, 1087) to (744, 8)
[ 2025-05-02 14:02:43,127 ] 202 root - INFO - PCA transformed for ANONYMOUS_DATA_202210_60424.npy
[ 2025-05-02 14:02:43,127 ] 205 root - INFO - RBD transformed for ANONYMOUS_DATA_202210_60424.npy
[ 2025-05-02 14:02:43,127 ] 208 root - INFO - Aggregate by zipcode transformed for ANONYMOUS_DATA_202210_60424.npy
[ 2025-05-02 14:02:43,557 ] 238 root - INFO - PCA shrinked data from (744, 6889) to (744, 8)
[ 2025-05-02 14:02:43,592 ] 246 root - INFO - RBD shrinked data from (744, 6889) to (744, 8)
[ 2025-05-02 14:02:43,595 ] 202 root - INFO - PCA transformed for ANONYMOUS_DATA_202210_61114.npy
[ 2025-05-02 14:02:43,595 ] 205 root - INFO - RBD transformed for ANONYMOUS_DATA_202210_61114.npy
[ 2025-05-02 14:02:43,595 ] 208 root - INFO - Aggregate by zipcode transformed for ANONYMOUS_DATA_202210_61114.npy
[ 2025-05-02 14:02:43,597 ] 141 root - INFO - All zipcode data shrinked.
[ 2025-05-02 14:02:43,601 ] 148 root - INFO - Formed RMA by PCA reduced from (744, 80) to (744, 8)
[ 2025-05-02 14:02:43,601 ] 155 root - INFO - Formed RMA by RBD reduced from (744, 80) to (744, 8)
[ 2025-05-02 14:02:43,606 ] 163 root - INFO - Formed CBA by PCA reduced from (744, 10) to (744, 8)
[ 2025-05-02 14:02:43,606 ] 169 root - INFO - Formed AMA reduced from (744, 10) to (744, 1)
[ 2025-05-02 14:02:43,615 ] 72 root - INFO - Input data for ML created.
[ 2025-05-02 14:02:43,615 ] 78 root - INFO - Input data concatenated with the output for ML.
[ 2025-05-02 14:02:43,615 ] 97 root - INFO - Data split into training and testing sets.
[ 2025-05-02 14:02:43,615 ] 163 root - INFO - Categorical columns: []
[ 2025-05-02 14:02:43,615 ] 164 root - INFO - Numerical columns: [0 1 2]
[ 2025-05-02 14:02:43,617 ] 47 root - INFO - Preprocessing pipeline done for ama
[ 2025-05-02 14:02:43,618 ] 163 root - INFO - Categorical columns: []
[ 2025-05-02 14:02:43,618 ] 164 root - INFO - Numerical columns: [ 0  1  2  3  4  5  6  7  8  9 10 11 12 13 14 15 16 17 18 19 20 21 22 23]
[ 2025-05-02 14:02:43,620 ] 57 root - INFO - Preprocessing pipeline done for cba
[ 2025-05-02 14:02:43,620 ] 163 root - INFO - Categorical columns: []
[ 2025-05-02 14:02:43,620 ] 164 root - INFO - Numerical columns: [ 0  1  2  3  4  5  6  7  8  9 10 11 12 13 14 15 16 17 18 19 20 21 22 23]
[ 2025-05-02 14:02:43,622 ] 67 root - INFO - Preprocessing pipeline done for rma_pca
[ 2025-05-02 14:02:43,622 ] 163 root - INFO - Categorical columns: []
[ 2025-05-02 14:02:43,622 ] 164 root - INFO - Numerical columns: [ 0  1  2  3  4  5  6  7  8  9 10 11 12 13 14 15 16 17 18 19 20 21 22 23]
[ 2025-05-02 14:02:43,624 ] 77 root - INFO - Preprocessing pipeline done for rma_rbd
[ 2025-05-02 14:02:43,625 ] 96 root - INFO - Saved preprocessing object.
[ 2025-05-02 14:02:43,625 ] 32 root - INFO - Split training and test input data
[ 2025-05-02 14:02:51,307 ] 116 root - INFO - Best found model on both training and testing dataset
