[ 2025-09-20 13:10:47,370 ] 48 root - INFO - Data ingestion skipped.
[ 2025-09-20 13:11:03,836 ] 241 root - INFO - PCA shrinked data from (1488, 26463) to (1488, 13)
[ 2025-09-20 13:11:04,204 ] 251 root - INFO - RBD shrinked data from (1488, 26463) to (1488, 13)
[ 2025-09-20 13:11:04,227 ] 204 root - INFO - PCA transformed for ANONYMOUS_DATA_202210_60632.npy
[ 2025-09-20 13:11:04,227 ] 207 root - INFO - RBD transformed for ANONYMOUS_DATA_202210_60632.npy
[ 2025-09-20 13:11:04,227 ] 210 root - INFO - Aggregate by zipcode transformed for ANONYMOUS_DATA_202210_60632.npy
[ 2025-09-20 13:11:10,142 ] 241 root - INFO - PCA shrinked data from (1488, 7354) to (1488, 13)
[ 2025-09-20 13:11:10,255 ] 251 root - INFO - RBD shrinked data from (1488, 7354) to (1488, 13)
[ 2025-09-20 13:11:10,263 ] 204 root - INFO - PCA transformed for ANONYMOUS_DATA_202210_60154.npy
[ 2025-09-20 13:11:10,279 ] 207 root - INFO - RBD transformed for ANONYMOUS_DATA_202210_60154.npy
[ 2025-09-20 13:11:10,279 ] 210 root - INFO - Aggregate by zipcode transformed for ANONYMOUS_DATA_202210_60154.npy
[ 2025-09-20 13:11:17,001 ] 241 root - INFO - PCA shrinked data from (1488, 8621) to (1488, 13)
[ 2025-09-20 13:11:17,116 ] 251 root - INFO - RBD shrinked data from (1488, 8621) to (1488, 13)
[ 2025-09-20 13:11:17,123 ] 204 root - INFO - PCA transformed for ANONYMOUS_DATA_202210_60140.npy
[ 2025-09-20 13:11:17,123 ] 207 root - INFO - RBD transformed for ANONYMOUS_DATA_202210_60140.npy
[ 2025-09-20 13:11:17,123 ] 210 root - INFO - Aggregate by zipcode transformed for ANONYMOUS_DATA_202210_60140.npy
[ 2025-09-20 13:11:30,913 ] 241 root - INFO - PCA shrinked data from (1488, 26124) to (1488, 13)
[ 2025-09-20 13:11:31,220 ] 251 root - INFO - RBD shrinked data from (1488, 26124) to (1488, 13)
[ 2025-09-20 13:11:31,248 ] 204 root - INFO - PCA transformed for ANONYMOUS_DATA_202210_60626.npy
[ 2025-09-20 13:11:31,248 ] 207 root - INFO - RBD transformed for ANONYMOUS_DATA_202210_60626.npy
[ 2025-09-20 13:11:31,248 ] 210 root - INFO - Aggregate by zipcode transformed for ANONYMOUS_DATA_202210_60626.npy
[ 2025-09-20 13:11:31,712 ] 241 root - INFO - PCA shrinked data from (1488, 425) to (1488, 13)
[ 2025-09-20 13:11:31,917 ] 251 root - INFO - RBD shrinked data from (1488, 425) to (1488, 13)
[ 2025-09-20 13:11:31,917 ] 204 root - INFO - PCA transformed for ANONYMOUS_DATA_202210_60418.npy
[ 2025-09-20 13:11:31,917 ] 207 root - INFO - RBD transformed for ANONYMOUS_DATA_202210_60418.npy
[ 2025-09-20 13:11:31,917 ] 210 root - INFO - Aggregate by zipcode transformed for ANONYMOUS_DATA_202210_60418.npy
[ 2025-09-20 13:11:32,683 ] 241 root - INFO - PCA shrinked data from (1488, 671) to (1488, 13)
[ 2025-09-20 13:11:32,832 ] 251 root - INFO - RBD shrinked data from (1488, 671) to (1488, 13)
[ 2025-09-20 13:11:32,833 ] 204 root - INFO - PCA transformed for ANONYMOUS_DATA_202210_61060.npy
[ 2025-09-20 13:11:32,833 ] 207 root - INFO - RBD transformed for ANONYMOUS_DATA_202210_61060.npy
[ 2025-09-20 13:11:32,833 ] 210 root - INFO - Aggregate by zipcode transformed for ANONYMOUS_DATA_202210_61060.npy
[ 2025-09-20 13:11:35,499 ] 241 root - INFO - PCA shrinked data from (1488, 1993) to (1488, 13)
[ 2025-09-20 13:11:35,534 ] 251 root - INFO - RBD shrinked data from (1488, 1993) to (1488, 13)
[ 2025-09-20 13:11:35,541 ] 204 root - INFO - PCA transformed for ANONYMOUS_DATA_202210_61048.npy
[ 2025-09-20 13:11:35,541 ] 207 root - INFO - RBD transformed for ANONYMOUS_DATA_202210_61048.npy
[ 2025-09-20 13:11:35,541 ] 210 root - INFO - Aggregate by zipcode transformed for ANONYMOUS_DATA_202210_61048.npy
[ 2025-09-20 13:11:41,254 ] 241 root - INFO - PCA shrinked data from (1488, 9061) to (1488, 13)
[ 2025-09-20 13:11:41,370 ] 251 root - INFO - RBD shrinked data from (1488, 9061) to (1488, 13)
[ 2025-09-20 13:11:41,383 ] 204 root - INFO - PCA transformed for ANONYMOUS_DATA_202210_60430.npy
[ 2025-09-20 13:11:41,383 ] 207 root - INFO - RBD transformed for ANONYMOUS_DATA_202210_60430.npy
[ 2025-09-20 13:11:41,383 ] 210 root - INFO - Aggregate by zipcode transformed for ANONYMOUS_DATA_202210_60430.npy
[ 2025-09-20 13:11:42,861 ] 241 root - INFO - PCA shrinked data from (1488, 1087) to (1488, 13)
[ 2025-09-20 13:11:42,879 ] 251 root - INFO - RBD shrinked data from (1488, 1087) to (1488, 13)
[ 2025-09-20 13:11:42,881 ] 204 root - INFO - PCA transformed for ANONYMOUS_DATA_202210_60424.npy
[ 2025-09-20 13:11:42,882 ] 207 root - INFO - RBD transformed for ANONYMOUS_DATA_202210_60424.npy
[ 2025-09-20 13:11:42,882 ] 210 root - INFO - Aggregate by zipcode transformed for ANONYMOUS_DATA_202210_60424.npy
[ 2025-09-20 13:11:47,822 ] 241 root - INFO - PCA shrinked data from (1488, 6889) to (1488, 13)
[ 2025-09-20 13:11:47,932 ] 251 root - INFO - RBD shrinked data from (1488, 6889) to (1488, 13)
[ 2025-09-20 13:11:47,940 ] 204 root - INFO - PCA transformed for ANONYMOUS_DATA_202210_61114.npy
[ 2025-09-20 13:11:47,940 ] 207 root - INFO - RBD transformed for ANONYMOUS_DATA_202210_61114.npy
[ 2025-09-20 13:11:47,940 ] 210 root - INFO - Aggregate by zipcode transformed for ANONYMOUS_DATA_202210_61114.npy
[ 2025-09-20 13:12:04,917 ] 241 root - INFO - PCA shrinked data from (1488, 32365) to (1488, 13)
[ 2025-09-20 13:12:05,321 ] 251 root - INFO - RBD shrinked data from (1488, 32365) to (1488, 13)
[ 2025-09-20 13:12:05,347 ] 204 root - INFO - PCA transformed for ANONYMOUS_DATA_202210_60544.npy
[ 2025-09-20 13:12:05,347 ] 207 root - INFO - RBD transformed for ANONYMOUS_DATA_202210_60544.npy
[ 2025-09-20 13:12:05,347 ] 210 root - INFO - Aggregate by zipcode transformed for ANONYMOUS_DATA_202210_60544.npy
[ 2025-09-20 13:12:05,350 ] 142 root - INFO - All zipcode data shrinked.
[ 2025-09-20 13:12:05,350 ] 143 root - INFO - PCA time: 74.98 seconds
[ 2025-09-20 13:12:05,350 ] 144 root - INFO - RBD time: 1.94 seconds
[ 2025-09-20 13:12:05,761 ] 151 root - INFO - Formed RMA by PCA reduced from (1488, 143) to (1488, 13)
[ 2025-09-20 13:12:05,863 ] 158 root - INFO - Formed RMA by RBD reduced from (1488, 143) to (1488, 13)
[ 2025-09-20 13:12:05,872 ] 166 root - INFO - Formed CBA by PCA reduced from (1488, 11) to (1488, 11)
[ 2025-09-20 13:12:05,872 ] 172 root - INFO - Formed AMA reduced from (1488, 11) to (1488, 1)
[ 2025-09-20 13:12:05,936 ] 75 root - INFO - Input data for ML created.
[ 2025-09-20 13:12:05,936 ] 81 root - INFO - Input data concatenated with the output for ML.
[ 2025-09-20 13:12:05,936 ] 101 root - INFO - Data split into training and testing sets.
[ 2025-09-20 13:12:05,936 ] 230 root - ERROR - {CustomException(AttributeError("'numpy.ndarray' object has no attribute 'select_dtypes'"))}
[ 2025-09-20 13:12:05,936 ] 173 root - ERROR - {CustomException(AttributeError("'NoneType' object has no attribute 'fit_transform'"))}
[ 2025-09-20 13:12:05,937 ] 146 root - ERROR - {CustomException(TypeError('cannot unpack non-iterable NoneType object'))}
[ 2025-09-20 13:12:05,937 ] 45 root - INFO - Split training and test input data
